2024-09-30 16:45:37,350 INFO [main][SpringApplication.java:655] - The following profiles are active: dev
2024-09-30 16:45:37,350 INFO [main][SpringApplication.java:655] - The following profiles are active: dev
2024-09-30 16:45:39,190 DEBUG [main][LogFactory.java:105] - Logging initialized using 'class org.apache.ibatis.logging.slf4j.Slf4jImpl' adapter.
2024-09-30 16:45:39,190 DEBUG [main][LogFactory.java:105] - Logging initialized using 'class org.apache.ibatis.logging.slf4j.Slf4jImpl' adapter.
2024-09-30 16:45:39,296 INFO [main][GenericScope.java:295] - BeanFactory id=4fb36ac9-8c7a-3225-833c-c52aea7d730f
2024-09-30 16:45:39,296 INFO [main][GenericScope.java:295] - BeanFactory id=4fb36ac9-8c7a-3225-833c-c52aea7d730f
2024-09-30 16:45:39,691 DEBUG [main][HikariConfig.java:946] - Driver class com.mysql.cj.jdbc.Driver found in Thread context class loader sun.misc.Launcher$AppClassLoader@18b4aac2
2024-09-30 16:45:39,691 DEBUG [main][HikariConfig.java:946] - Driver class com.mysql.cj.jdbc.Driver found in Thread context class loader sun.misc.Launcher$AppClassLoader@18b4aac2
2024-09-30 16:45:39,831 DEBUG [main][Logger.java:49] - Registered plugin: 'com.baomidou.mybatisplus.extension.plugins.MybatisPlusInterceptor@1de0641b'
2024-09-30 16:45:39,831 DEBUG [main][Logger.java:49] - Registered plugin: 'com.baomidou.mybatisplus.extension.plugins.MybatisPlusInterceptor@1de0641b'
2024-09-30 16:45:39,834 DEBUG [main][Logger.java:49] - Property 'mapperLocations' was not specified.
2024-09-30 16:45:39,834 DEBUG [main][Logger.java:49] - Property 'mapperLocations' was not specified.
2024-09-30 16:45:40,770 DEBUG [main][MybatisConfiguration.java:128] - addMappedStatement: com.xuecheng.media.mapper.MediaFilesMapper.insert
2024-09-30 16:45:40,770 DEBUG [main][MybatisConfiguration.java:128] - addMappedStatement: com.xuecheng.media.mapper.MediaFilesMapper.insert
2024-09-30 16:45:40,776 DEBUG [main][MybatisConfiguration.java:128] - addMappedStatement: com.xuecheng.media.mapper.MediaFilesMapper.delete
2024-09-30 16:45:40,776 DEBUG [main][MybatisConfiguration.java:128] - addMappedStatement: com.xuecheng.media.mapper.MediaFilesMapper.delete
2024-09-30 16:45:40,780 DEBUG [main][MybatisConfiguration.java:128] - addMappedStatement: com.xuecheng.media.mapper.MediaFilesMapper.deleteByMap
2024-09-30 16:45:40,780 DEBUG [main][MybatisConfiguration.java:128] - addMappedStatement: com.xuecheng.media.mapper.MediaFilesMapper.deleteByMap
2024-09-30 16:45:40,807 DEBUG [main][MybatisConfiguration.java:128] - addMappedStatement: com.xuecheng.media.mapper.MediaFilesMapper.deleteById
2024-09-30 16:45:40,807 DEBUG [main][MybatisConfiguration.java:128] - addMappedStatement: com.xuecheng.media.mapper.MediaFilesMapper.deleteById
2024-09-30 16:45:40,810 DEBUG [main][MybatisConfiguration.java:128] - addMappedStatement: com.xuecheng.media.mapper.MediaFilesMapper.deleteBatchIds
2024-09-30 16:45:40,810 DEBUG [main][MybatisConfiguration.java:128] - addMappedStatement: com.xuecheng.media.mapper.MediaFilesMapper.deleteBatchIds
2024-09-30 16:45:40,813 DEBUG [main][MybatisConfiguration.java:128] - addMappedStatement: com.xuecheng.media.mapper.MediaFilesMapper.update
2024-09-30 16:45:40,813 DEBUG [main][MybatisConfiguration.java:128] - addMappedStatement: com.xuecheng.media.mapper.MediaFilesMapper.update
2024-09-30 16:45:40,816 DEBUG [main][MybatisConfiguration.java:128] - addMappedStatement: com.xuecheng.media.mapper.MediaFilesMapper.updateById
2024-09-30 16:45:40,816 DEBUG [main][MybatisConfiguration.java:128] - addMappedStatement: com.xuecheng.media.mapper.MediaFilesMapper.updateById
2024-09-30 16:45:40,817 DEBUG [main][MybatisConfiguration.java:128] - addMappedStatement: com.xuecheng.media.mapper.MediaFilesMapper.selectById
2024-09-30 16:45:40,817 DEBUG [main][MybatisConfiguration.java:128] - addMappedStatement: com.xuecheng.media.mapper.MediaFilesMapper.selectById
2024-09-30 16:45:40,819 DEBUG [main][MybatisConfiguration.java:128] - addMappedStatement: com.xuecheng.media.mapper.MediaFilesMapper.selectBatchIds
2024-09-30 16:45:40,819 DEBUG [main][MybatisConfiguration.java:128] - addMappedStatement: com.xuecheng.media.mapper.MediaFilesMapper.selectBatchIds
2024-09-30 16:45:40,823 DEBUG [main][MybatisConfiguration.java:128] - addMappedStatement: com.xuecheng.media.mapper.MediaFilesMapper.selectByMap
2024-09-30 16:45:40,823 DEBUG [main][MybatisConfiguration.java:128] - addMappedStatement: com.xuecheng.media.mapper.MediaFilesMapper.selectByMap
2024-09-30 16:45:40,826 DEBUG [main][MybatisConfiguration.java:128] - addMappedStatement: com.xuecheng.media.mapper.MediaFilesMapper.selectOne
2024-09-30 16:45:40,826 DEBUG [main][MybatisConfiguration.java:128] - addMappedStatement: com.xuecheng.media.mapper.MediaFilesMapper.selectOne
2024-09-30 16:45:40,830 DEBUG [main][MybatisConfiguration.java:128] - addMappedStatement: com.xuecheng.media.mapper.MediaFilesMapper.selectCount
2024-09-30 16:45:40,830 DEBUG [main][MybatisConfiguration.java:128] - addMappedStatement: com.xuecheng.media.mapper.MediaFilesMapper.selectCount
2024-09-30 16:45:40,835 DEBUG [main][MybatisConfiguration.java:128] - addMappedStatement: com.xuecheng.media.mapper.MediaFilesMapper.selectMaps
2024-09-30 16:45:40,835 DEBUG [main][MybatisConfiguration.java:128] - addMappedStatement: com.xuecheng.media.mapper.MediaFilesMapper.selectMaps
2024-09-30 16:45:40,839 DEBUG [main][MybatisConfiguration.java:128] - addMappedStatement: com.xuecheng.media.mapper.MediaFilesMapper.selectMapsPage
2024-09-30 16:45:40,839 DEBUG [main][MybatisConfiguration.java:128] - addMappedStatement: com.xuecheng.media.mapper.MediaFilesMapper.selectMapsPage
2024-09-30 16:45:40,843 DEBUG [main][MybatisConfiguration.java:128] - addMappedStatement: com.xuecheng.media.mapper.MediaFilesMapper.selectObjs
2024-09-30 16:45:40,843 DEBUG [main][MybatisConfiguration.java:128] - addMappedStatement: com.xuecheng.media.mapper.MediaFilesMapper.selectObjs
2024-09-30 16:45:40,848 DEBUG [main][MybatisConfiguration.java:128] - addMappedStatement: com.xuecheng.media.mapper.MediaFilesMapper.selectList
2024-09-30 16:45:40,848 DEBUG [main][MybatisConfiguration.java:128] - addMappedStatement: com.xuecheng.media.mapper.MediaFilesMapper.selectList
2024-09-30 16:45:40,851 DEBUG [main][MybatisConfiguration.java:128] - addMappedStatement: com.xuecheng.media.mapper.MediaFilesMapper.selectPage
2024-09-30 16:45:40,851 DEBUG [main][MybatisConfiguration.java:128] - addMappedStatement: com.xuecheng.media.mapper.MediaFilesMapper.selectPage
2024-09-30 16:45:42,575 INFO [main][PropertySourcedRequestMappingHandlerMapping.java:69] - Mapped URL path [/v2/api-docs] onto method [springfox.documentation.swagger2.web.Swagger2Controller#getDocumentation(String, HttpServletRequest)]
2024-09-30 16:45:42,575 INFO [main][PropertySourcedRequestMappingHandlerMapping.java:69] - Mapped URL path [/v2/api-docs] onto method [springfox.documentation.swagger2.web.Swagger2Controller#getDocumentation(String, HttpServletRequest)]
2024-09-30 16:45:43,095 WARN [main][URLConfigurationSource.java:121] - No URLs will be polled as dynamic configuration sources.
2024-09-30 16:45:43,095 WARN [main][URLConfigurationSource.java:121] - No URLs will be polled as dynamic configuration sources.
2024-09-30 16:45:43,097 INFO [main][URLConfigurationSource.java:122] - To enable URLs as dynamic configuration sources, define System property archaius.configurationSource.additionalUrls or make config.properties available on classpath.
2024-09-30 16:45:43,097 INFO [main][URLConfigurationSource.java:122] - To enable URLs as dynamic configuration sources, define System property archaius.configurationSource.additionalUrls or make config.properties available on classpath.
2024-09-30 16:45:43,107 WARN [main][URLConfigurationSource.java:121] - No URLs will be polled as dynamic configuration sources.
2024-09-30 16:45:43,107 WARN [main][URLConfigurationSource.java:121] - No URLs will be polled as dynamic configuration sources.
2024-09-30 16:45:43,108 INFO [main][URLConfigurationSource.java:122] - To enable URLs as dynamic configuration sources, define System property archaius.configurationSource.additionalUrls or make config.properties available on classpath.
2024-09-30 16:45:43,108 INFO [main][URLConfigurationSource.java:122] - To enable URLs as dynamic configuration sources, define System property archaius.configurationSource.additionalUrls or make config.properties available on classpath.
2024-09-30 16:45:43,187 DEBUG [main][ResourceBundleMessageInterpolator.java:172] - Loaded expression factory via original TCCL
2024-09-30 16:45:43,187 DEBUG [main][ResourceBundleMessageInterpolator.java:172] - Loaded expression factory via original TCCL
2024-09-30 16:45:43,209 DEBUG [main][AbstractConfigurationImpl.java:171] - Setting custom MessageInterpolator of type org.springframework.validation.beanvalidation.LocaleContextMessageInterpolator
2024-09-30 16:45:43,209 DEBUG [main][AbstractConfigurationImpl.java:171] - Setting custom MessageInterpolator of type org.springframework.validation.beanvalidation.LocaleContextMessageInterpolator
2024-09-30 16:45:43,211 DEBUG [main][AbstractConfigurationImpl.java:203] - Setting custom ConstraintValidatorFactory of type org.springframework.validation.beanvalidation.SpringConstraintValidatorFactory
2024-09-30 16:45:43,211 DEBUG [main][AbstractConfigurationImpl.java:203] - Setting custom ConstraintValidatorFactory of type org.springframework.validation.beanvalidation.SpringConstraintValidatorFactory
2024-09-30 16:45:43,213 DEBUG [main][AbstractConfigurationImpl.java:217] - Setting custom ParameterNameProvider of type org.springframework.validation.beanvalidation.LocalValidatorFactoryBean$1
2024-09-30 16:45:43,213 DEBUG [main][AbstractConfigurationImpl.java:217] - Setting custom ParameterNameProvider of type org.springframework.validation.beanvalidation.LocalValidatorFactoryBean$1
2024-09-30 16:45:43,217 DEBUG [main][ValidationXmlParser.java:120] - Trying to load META-INF/validation.xml for XML based Validator configuration.
2024-09-30 16:45:43,217 DEBUG [main][ValidationXmlParser.java:120] - Trying to load META-INF/validation.xml for XML based Validator configuration.
2024-09-30 16:45:43,217 DEBUG [main][ResourceLoaderHelper.java:53] - Trying to load META-INF/validation.xml via user class loader
2024-09-30 16:45:43,217 DEBUG [main][ResourceLoaderHelper.java:53] - Trying to load META-INF/validation.xml via user class loader
2024-09-30 16:45:43,218 DEBUG [main][ResourceLoaderHelper.java:60] - Trying to load META-INF/validation.xml via TCCL
2024-09-30 16:45:43,218 DEBUG [main][ResourceLoaderHelper.java:60] - Trying to load META-INF/validation.xml via TCCL
2024-09-30 16:45:43,219 DEBUG [main][ResourceLoaderHelper.java:66] - Trying to load META-INF/validation.xml via Hibernate Validator's class loader
2024-09-30 16:45:43,219 DEBUG [main][ResourceLoaderHelper.java:66] - Trying to load META-INF/validation.xml via Hibernate Validator's class loader
2024-09-30 16:45:43,221 DEBUG [main][ValidationXmlParser.java:127] - No META-INF/validation.xml found. Using annotation based configuration only.
2024-09-30 16:45:43,221 DEBUG [main][ValidationXmlParser.java:127] - No META-INF/validation.xml found. Using annotation based configuration only.
2024-09-30 16:45:43,224 DEBUG [main][TraversableResolvers.java:60] - Cannot find javax.persistence.Persistence on classpath. Assuming non JPA 2 environment. All properties will per default be traversable.
2024-09-30 16:45:43,224 DEBUG [main][TraversableResolvers.java:60] - Cannot find javax.persistence.Persistence on classpath. Assuming non JPA 2 environment. All properties will per default be traversable.
2024-09-30 16:45:43,230 DEBUG [main][ValidatorFactoryConfigurationHelper.java:300] - HV000252: Using org.hibernate.validator.internal.engine.DefaultPropertyNodeNameProvider as property node name provider.
2024-09-30 16:45:43,230 DEBUG [main][ValidatorFactoryConfigurationHelper.java:300] - HV000252: Using org.hibernate.validator.internal.engine.DefaultPropertyNodeNameProvider as property node name provider.
2024-09-30 16:45:43,231 DEBUG [main][ValidatorFactoryConfigurationHelper.java:375] - HV000234: Using org.springframework.validation.beanvalidation.LocaleContextMessageInterpolator as ValidatorFactory-scoped message interpolator.
2024-09-30 16:45:43,231 DEBUG [main][ValidatorFactoryConfigurationHelper.java:375] - HV000234: Using org.springframework.validation.beanvalidation.LocaleContextMessageInterpolator as ValidatorFactory-scoped message interpolator.
2024-09-30 16:45:43,233 DEBUG [main][ValidatorFactoryConfigurationHelper.java:376] - HV000234: Using org.hibernate.validator.internal.engine.resolver.TraverseAllTraversableResolver as ValidatorFactory-scoped traversable resolver.
2024-09-30 16:45:43,233 DEBUG [main][ValidatorFactoryConfigurationHelper.java:376] - HV000234: Using org.hibernate.validator.internal.engine.resolver.TraverseAllTraversableResolver as ValidatorFactory-scoped traversable resolver.
2024-09-30 16:45:43,234 DEBUG [main][ValidatorFactoryConfigurationHelper.java:377] - HV000234: Using org.hibernate.validator.internal.util.ExecutableParameterNameProvider as ValidatorFactory-scoped parameter name provider.
2024-09-30 16:45:43,234 DEBUG [main][ValidatorFactoryConfigurationHelper.java:377] - HV000234: Using org.hibernate.validator.internal.util.ExecutableParameterNameProvider as ValidatorFactory-scoped parameter name provider.
2024-09-30 16:45:43,235 DEBUG [main][ValidatorFactoryConfigurationHelper.java:378] - HV000234: Using org.hibernate.validator.internal.engine.DefaultClockProvider as ValidatorFactory-scoped clock provider.
2024-09-30 16:45:43,235 DEBUG [main][ValidatorFactoryConfigurationHelper.java:378] - HV000234: Using org.hibernate.validator.internal.engine.DefaultClockProvider as ValidatorFactory-scoped clock provider.
2024-09-30 16:45:43,236 DEBUG [main][ValidatorFactoryConfigurationHelper.java:379] - HV000234: Using org.hibernate.validator.internal.engine.scripting.DefaultScriptEvaluatorFactory as ValidatorFactory-scoped script evaluator factory.
2024-09-30 16:45:43,236 DEBUG [main][ValidatorFactoryConfigurationHelper.java:379] - HV000234: Using org.hibernate.validator.internal.engine.scripting.DefaultScriptEvaluatorFactory as ValidatorFactory-scoped script evaluator factory.
2024-09-30 16:45:43,711 INFO [main][ExecutorConfigurationSupport.java:181] - Initializing ExecutorService 'applicationTaskExecutor'
2024-09-30 16:45:43,711 INFO [main][ExecutorConfigurationSupport.java:181] - Initializing ExecutorService 'applicationTaskExecutor'
2024-09-30 16:45:46,009 INFO [main][InetUtils.java:170] - Cannot determine local hostname
2024-09-30 16:45:46,009 INFO [main][InetUtils.java:170] - Cannot determine local hostname
2024-09-30 16:45:46,025 INFO [main][ExecutorConfigurationSupport.java:181] - Initializing ExecutorService 'Nacos-Watch-Task-Scheduler'
2024-09-30 16:45:46,025 INFO [main][ExecutorConfigurationSupport.java:181] - Initializing ExecutorService 'Nacos-Watch-Task-Scheduler'
2024-09-30 16:45:47,976 INFO [main][InetUtils.java:170] - Cannot determine local hostname
2024-09-30 16:45:47,976 INFO [main][InetUtils.java:170] - Cannot determine local hostname
2024-09-30 16:45:48,148 DEBUG [main][MybatisConfiguration.java:128] - addMappedStatement: com.xuecheng.media.mapper.MediaProcessHistoryMapper.insert
2024-09-30 16:45:48,148 DEBUG [main][MybatisConfiguration.java:128] - addMappedStatement: com.xuecheng.media.mapper.MediaProcessHistoryMapper.insert
2024-09-30 16:45:48,151 DEBUG [main][MybatisConfiguration.java:128] - addMappedStatement: com.xuecheng.media.mapper.MediaProcessHistoryMapper.delete
2024-09-30 16:45:48,151 DEBUG [main][MybatisConfiguration.java:128] - addMappedStatement: com.xuecheng.media.mapper.MediaProcessHistoryMapper.delete
2024-09-30 16:45:48,154 DEBUG [main][MybatisConfiguration.java:128] - addMappedStatement: com.xuecheng.media.mapper.MediaProcessHistoryMapper.deleteByMap
2024-09-30 16:45:48,154 DEBUG [main][MybatisConfiguration.java:128] - addMappedStatement: com.xuecheng.media.mapper.MediaProcessHistoryMapper.deleteByMap
2024-09-30 16:45:48,155 DEBUG [main][MybatisConfiguration.java:128] - addMappedStatement: com.xuecheng.media.mapper.MediaProcessHistoryMapper.deleteById
2024-09-30 16:45:48,155 DEBUG [main][MybatisConfiguration.java:128] - addMappedStatement: com.xuecheng.media.mapper.MediaProcessHistoryMapper.deleteById
2024-09-30 16:45:48,158 DEBUG [main][MybatisConfiguration.java:128] - addMappedStatement: com.xuecheng.media.mapper.MediaProcessHistoryMapper.deleteBatchIds
2024-09-30 16:45:48,158 DEBUG [main][MybatisConfiguration.java:128] - addMappedStatement: com.xuecheng.media.mapper.MediaProcessHistoryMapper.deleteBatchIds
2024-09-30 16:45:48,160 DEBUG [main][MybatisConfiguration.java:128] - addMappedStatement: com.xuecheng.media.mapper.MediaProcessHistoryMapper.update
2024-09-30 16:45:48,160 DEBUG [main][MybatisConfiguration.java:128] - addMappedStatement: com.xuecheng.media.mapper.MediaProcessHistoryMapper.update
2024-09-30 16:45:48,164 DEBUG [main][MybatisConfiguration.java:128] - addMappedStatement: com.xuecheng.media.mapper.MediaProcessHistoryMapper.updateById
2024-09-30 16:45:48,164 DEBUG [main][MybatisConfiguration.java:128] - addMappedStatement: com.xuecheng.media.mapper.MediaProcessHistoryMapper.updateById
2024-09-30 16:45:48,164 DEBUG [main][MybatisConfiguration.java:128] - addMappedStatement: com.xuecheng.media.mapper.MediaProcessHistoryMapper.selectById
2024-09-30 16:45:48,164 DEBUG [main][MybatisConfiguration.java:128] - addMappedStatement: com.xuecheng.media.mapper.MediaProcessHistoryMapper.selectById
2024-09-30 16:45:48,166 DEBUG [main][MybatisConfiguration.java:128] - addMappedStatement: com.xuecheng.media.mapper.MediaProcessHistoryMapper.selectBatchIds
2024-09-30 16:45:48,166 DEBUG [main][MybatisConfiguration.java:128] - addMappedStatement: com.xuecheng.media.mapper.MediaProcessHistoryMapper.selectBatchIds
2024-09-30 16:45:48,168 DEBUG [main][MybatisConfiguration.java:128] - addMappedStatement: com.xuecheng.media.mapper.MediaProcessHistoryMapper.selectByMap
2024-09-30 16:45:48,168 DEBUG [main][MybatisConfiguration.java:128] - addMappedStatement: com.xuecheng.media.mapper.MediaProcessHistoryMapper.selectByMap
2024-09-30 16:45:48,171 DEBUG [main][MybatisConfiguration.java:128] - addMappedStatement: com.xuecheng.media.mapper.MediaProcessHistoryMapper.selectOne
2024-09-30 16:45:48,171 DEBUG [main][MybatisConfiguration.java:128] - addMappedStatement: com.xuecheng.media.mapper.MediaProcessHistoryMapper.selectOne
2024-09-30 16:45:48,172 DEBUG [main][MybatisConfiguration.java:128] - addMappedStatement: com.xuecheng.media.mapper.MediaProcessHistoryMapper.selectCount
2024-09-30 16:45:48,172 DEBUG [main][MybatisConfiguration.java:128] - addMappedStatement: com.xuecheng.media.mapper.MediaProcessHistoryMapper.selectCount
2024-09-30 16:45:48,176 DEBUG [main][MybatisConfiguration.java:128] - addMappedStatement: com.xuecheng.media.mapper.MediaProcessHistoryMapper.selectMaps
2024-09-30 16:45:48,176 DEBUG [main][MybatisConfiguration.java:128] - addMappedStatement: com.xuecheng.media.mapper.MediaProcessHistoryMapper.selectMaps
2024-09-30 16:45:48,180 DEBUG [main][MybatisConfiguration.java:128] - addMappedStatement: com.xuecheng.media.mapper.MediaProcessHistoryMapper.selectMapsPage
2024-09-30 16:45:48,180 DEBUG [main][MybatisConfiguration.java:128] - addMappedStatement: com.xuecheng.media.mapper.MediaProcessHistoryMapper.selectMapsPage
2024-09-30 16:45:48,184 DEBUG [main][MybatisConfiguration.java:128] - addMappedStatement: com.xuecheng.media.mapper.MediaProcessHistoryMapper.selectObjs
2024-09-30 16:45:48,184 DEBUG [main][MybatisConfiguration.java:128] - addMappedStatement: com.xuecheng.media.mapper.MediaProcessHistoryMapper.selectObjs
2024-09-30 16:45:48,186 DEBUG [main][MybatisConfiguration.java:128] - addMappedStatement: com.xuecheng.media.mapper.MediaProcessHistoryMapper.selectList
2024-09-30 16:45:48,186 DEBUG [main][MybatisConfiguration.java:128] - addMappedStatement: com.xuecheng.media.mapper.MediaProcessHistoryMapper.selectList
2024-09-30 16:45:48,189 DEBUG [main][MybatisConfiguration.java:128] - addMappedStatement: com.xuecheng.media.mapper.MediaProcessHistoryMapper.selectPage
2024-09-30 16:45:48,189 DEBUG [main][MybatisConfiguration.java:128] - addMappedStatement: com.xuecheng.media.mapper.MediaProcessHistoryMapper.selectPage
2024-09-30 16:45:48,216 DEBUG [main][MybatisConfiguration.java:128] - addMappedStatement: com.xuecheng.media.mapper.MediaProcessMapper.insert
2024-09-30 16:45:48,216 DEBUG [main][MybatisConfiguration.java:128] - addMappedStatement: com.xuecheng.media.mapper.MediaProcessMapper.insert
2024-09-30 16:45:48,219 DEBUG [main][MybatisConfiguration.java:128] - addMappedStatement: com.xuecheng.media.mapper.MediaProcessMapper.delete
2024-09-30 16:45:48,219 DEBUG [main][MybatisConfiguration.java:128] - addMappedStatement: com.xuecheng.media.mapper.MediaProcessMapper.delete
2024-09-30 16:45:48,221 DEBUG [main][MybatisConfiguration.java:128] - addMappedStatement: com.xuecheng.media.mapper.MediaProcessMapper.deleteByMap
2024-09-30 16:45:48,221 DEBUG [main][MybatisConfiguration.java:128] - addMappedStatement: com.xuecheng.media.mapper.MediaProcessMapper.deleteByMap
2024-09-30 16:45:48,223 DEBUG [main][MybatisConfiguration.java:128] - addMappedStatement: com.xuecheng.media.mapper.MediaProcessMapper.deleteById
2024-09-30 16:45:48,223 DEBUG [main][MybatisConfiguration.java:128] - addMappedStatement: com.xuecheng.media.mapper.MediaProcessMapper.deleteById
2024-09-30 16:45:48,226 DEBUG [main][MybatisConfiguration.java:128] - addMappedStatement: com.xuecheng.media.mapper.MediaProcessMapper.deleteBatchIds
2024-09-30 16:45:48,226 DEBUG [main][MybatisConfiguration.java:128] - addMappedStatement: com.xuecheng.media.mapper.MediaProcessMapper.deleteBatchIds
2024-09-30 16:45:48,229 DEBUG [main][MybatisConfiguration.java:128] - addMappedStatement: com.xuecheng.media.mapper.MediaProcessMapper.update
2024-09-30 16:45:48,229 DEBUG [main][MybatisConfiguration.java:128] - addMappedStatement: com.xuecheng.media.mapper.MediaProcessMapper.update
2024-09-30 16:45:48,232 DEBUG [main][MybatisConfiguration.java:128] - addMappedStatement: com.xuecheng.media.mapper.MediaProcessMapper.updateById
2024-09-30 16:45:48,232 DEBUG [main][MybatisConfiguration.java:128] - addMappedStatement: com.xuecheng.media.mapper.MediaProcessMapper.updateById
2024-09-30 16:45:48,232 DEBUG [main][MybatisConfiguration.java:128] - addMappedStatement: com.xuecheng.media.mapper.MediaProcessMapper.selectById
2024-09-30 16:45:48,232 DEBUG [main][MybatisConfiguration.java:128] - addMappedStatement: com.xuecheng.media.mapper.MediaProcessMapper.selectById
2024-09-30 16:45:48,236 DEBUG [main][MybatisConfiguration.java:128] - addMappedStatement: com.xuecheng.media.mapper.MediaProcessMapper.selectBatchIds
2024-09-30 16:45:48,236 DEBUG [main][MybatisConfiguration.java:128] - addMappedStatement: com.xuecheng.media.mapper.MediaProcessMapper.selectBatchIds
2024-09-30 16:45:48,238 DEBUG [main][MybatisConfiguration.java:128] - addMappedStatement: com.xuecheng.media.mapper.MediaProcessMapper.selectByMap
2024-09-30 16:45:48,238 DEBUG [main][MybatisConfiguration.java:128] - addMappedStatement: com.xuecheng.media.mapper.MediaProcessMapper.selectByMap
2024-09-30 16:45:48,241 DEBUG [main][MybatisConfiguration.java:128] - addMappedStatement: com.xuecheng.media.mapper.MediaProcessMapper.selectOne
2024-09-30 16:45:48,241 DEBUG [main][MybatisConfiguration.java:128] - addMappedStatement: com.xuecheng.media.mapper.MediaProcessMapper.selectOne
2024-09-30 16:45:48,244 DEBUG [main][MybatisConfiguration.java:128] - addMappedStatement: com.xuecheng.media.mapper.MediaProcessMapper.selectCount
2024-09-30 16:45:48,244 DEBUG [main][MybatisConfiguration.java:128] - addMappedStatement: com.xuecheng.media.mapper.MediaProcessMapper.selectCount
2024-09-30 16:45:48,248 DEBUG [main][MybatisConfiguration.java:128] - addMappedStatement: com.xuecheng.media.mapper.MediaProcessMapper.selectMaps
2024-09-30 16:45:48,248 DEBUG [main][MybatisConfiguration.java:128] - addMappedStatement: com.xuecheng.media.mapper.MediaProcessMapper.selectMaps
2024-09-30 16:45:48,251 DEBUG [main][MybatisConfiguration.java:128] - addMappedStatement: com.xuecheng.media.mapper.MediaProcessMapper.selectMapsPage
2024-09-30 16:45:48,251 DEBUG [main][MybatisConfiguration.java:128] - addMappedStatement: com.xuecheng.media.mapper.MediaProcessMapper.selectMapsPage
2024-09-30 16:45:48,254 DEBUG [main][MybatisConfiguration.java:128] - addMappedStatement: com.xuecheng.media.mapper.MediaProcessMapper.selectObjs
2024-09-30 16:45:48,254 DEBUG [main][MybatisConfiguration.java:128] - addMappedStatement: com.xuecheng.media.mapper.MediaProcessMapper.selectObjs
2024-09-30 16:45:48,258 DEBUG [main][MybatisConfiguration.java:128] - addMappedStatement: com.xuecheng.media.mapper.MediaProcessMapper.selectList
2024-09-30 16:45:48,258 DEBUG [main][MybatisConfiguration.java:128] - addMappedStatement: com.xuecheng.media.mapper.MediaProcessMapper.selectList
2024-09-30 16:45:48,262 DEBUG [main][MybatisConfiguration.java:128] - addMappedStatement: com.xuecheng.media.mapper.MediaProcessMapper.selectPage
2024-09-30 16:45:48,262 DEBUG [main][MybatisConfiguration.java:128] - addMappedStatement: com.xuecheng.media.mapper.MediaProcessMapper.selectPage
2024-09-30 16:45:48,291 DEBUG [main][MybatisConfiguration.java:128] - addMappedStatement: com.xuecheng.media.mapper.MqMessageHistoryMapper.insert
2024-09-30 16:45:48,291 DEBUG [main][MybatisConfiguration.java:128] - addMappedStatement: com.xuecheng.media.mapper.MqMessageHistoryMapper.insert
2024-09-30 16:45:48,295 DEBUG [main][MybatisConfiguration.java:128] - addMappedStatement: com.xuecheng.media.mapper.MqMessageHistoryMapper.delete
2024-09-30 16:45:48,295 DEBUG [main][MybatisConfiguration.java:128] - addMappedStatement: com.xuecheng.media.mapper.MqMessageHistoryMapper.delete
2024-09-30 16:45:48,297 DEBUG [main][MybatisConfiguration.java:128] - addMappedStatement: com.xuecheng.media.mapper.MqMessageHistoryMapper.deleteByMap
2024-09-30 16:45:48,297 DEBUG [main][MybatisConfiguration.java:128] - addMappedStatement: com.xuecheng.media.mapper.MqMessageHistoryMapper.deleteByMap
2024-09-30 16:45:48,300 DEBUG [main][MybatisConfiguration.java:128] - addMappedStatement: com.xuecheng.media.mapper.MqMessageHistoryMapper.deleteById
2024-09-30 16:45:48,300 DEBUG [main][MybatisConfiguration.java:128] - addMappedStatement: com.xuecheng.media.mapper.MqMessageHistoryMapper.deleteById
2024-09-30 16:45:48,303 DEBUG [main][MybatisConfiguration.java:128] - addMappedStatement: com.xuecheng.media.mapper.MqMessageHistoryMapper.deleteBatchIds
2024-09-30 16:45:48,303 DEBUG [main][MybatisConfiguration.java:128] - addMappedStatement: com.xuecheng.media.mapper.MqMessageHistoryMapper.deleteBatchIds
2024-09-30 16:45:48,307 DEBUG [main][MybatisConfiguration.java:128] - addMappedStatement: com.xuecheng.media.mapper.MqMessageHistoryMapper.update
2024-09-30 16:45:48,307 DEBUG [main][MybatisConfiguration.java:128] - addMappedStatement: com.xuecheng.media.mapper.MqMessageHistoryMapper.update
2024-09-30 16:45:48,310 DEBUG [main][MybatisConfiguration.java:128] - addMappedStatement: com.xuecheng.media.mapper.MqMessageHistoryMapper.updateById
2024-09-30 16:45:48,310 DEBUG [main][MybatisConfiguration.java:128] - addMappedStatement: com.xuecheng.media.mapper.MqMessageHistoryMapper.updateById
2024-09-30 16:45:48,311 DEBUG [main][MybatisConfiguration.java:128] - addMappedStatement: com.xuecheng.media.mapper.MqMessageHistoryMapper.selectById
2024-09-30 16:45:48,311 DEBUG [main][MybatisConfiguration.java:128] - addMappedStatement: com.xuecheng.media.mapper.MqMessageHistoryMapper.selectById
2024-09-30 16:45:48,313 DEBUG [main][MybatisConfiguration.java:128] - addMappedStatement: com.xuecheng.media.mapper.MqMessageHistoryMapper.selectBatchIds
2024-09-30 16:45:48,313 DEBUG [main][MybatisConfiguration.java:128] - addMappedStatement: com.xuecheng.media.mapper.MqMessageHistoryMapper.selectBatchIds
2024-09-30 16:45:48,315 DEBUG [main][MybatisConfiguration.java:128] - addMappedStatement: com.xuecheng.media.mapper.MqMessageHistoryMapper.selectByMap
2024-09-30 16:45:48,315 DEBUG [main][MybatisConfiguration.java:128] - addMappedStatement: com.xuecheng.media.mapper.MqMessageHistoryMapper.selectByMap
2024-09-30 16:45:48,318 DEBUG [main][MybatisConfiguration.java:128] - addMappedStatement: com.xuecheng.media.mapper.MqMessageHistoryMapper.selectOne
2024-09-30 16:45:48,318 DEBUG [main][MybatisConfiguration.java:128] - addMappedStatement: com.xuecheng.media.mapper.MqMessageHistoryMapper.selectOne
2024-09-30 16:45:48,321 DEBUG [main][MybatisConfiguration.java:128] - addMappedStatement: com.xuecheng.media.mapper.MqMessageHistoryMapper.selectCount
2024-09-30 16:45:48,321 DEBUG [main][MybatisConfiguration.java:128] - addMappedStatement: com.xuecheng.media.mapper.MqMessageHistoryMapper.selectCount
2024-09-30 16:45:48,324 DEBUG [main][MybatisConfiguration.java:128] - addMappedStatement: com.xuecheng.media.mapper.MqMessageHistoryMapper.selectMaps
2024-09-30 16:45:48,324 DEBUG [main][MybatisConfiguration.java:128] - addMappedStatement: com.xuecheng.media.mapper.MqMessageHistoryMapper.selectMaps
2024-09-30 16:45:48,326 DEBUG [main][MybatisConfiguration.java:128] - addMappedStatement: com.xuecheng.media.mapper.MqMessageHistoryMapper.selectMapsPage
2024-09-30 16:45:48,326 DEBUG [main][MybatisConfiguration.java:128] - addMappedStatement: com.xuecheng.media.mapper.MqMessageHistoryMapper.selectMapsPage
2024-09-30 16:45:48,329 DEBUG [main][MybatisConfiguration.java:128] - addMappedStatement: com.xuecheng.media.mapper.MqMessageHistoryMapper.selectObjs
2024-09-30 16:45:48,329 DEBUG [main][MybatisConfiguration.java:128] - addMappedStatement: com.xuecheng.media.mapper.MqMessageHistoryMapper.selectObjs
2024-09-30 16:45:48,333 DEBUG [main][MybatisConfiguration.java:128] - addMappedStatement: com.xuecheng.media.mapper.MqMessageHistoryMapper.selectList
2024-09-30 16:45:48,333 DEBUG [main][MybatisConfiguration.java:128] - addMappedStatement: com.xuecheng.media.mapper.MqMessageHistoryMapper.selectList
2024-09-30 16:45:48,335 DEBUG [main][MybatisConfiguration.java:128] - addMappedStatement: com.xuecheng.media.mapper.MqMessageHistoryMapper.selectPage
2024-09-30 16:45:48,335 DEBUG [main][MybatisConfiguration.java:128] - addMappedStatement: com.xuecheng.media.mapper.MqMessageHistoryMapper.selectPage
2024-09-30 16:45:48,359 DEBUG [main][MybatisConfiguration.java:128] - addMappedStatement: com.xuecheng.media.mapper.MqMessageMapper.insert
2024-09-30 16:45:48,359 DEBUG [main][MybatisConfiguration.java:128] - addMappedStatement: com.xuecheng.media.mapper.MqMessageMapper.insert
2024-09-30 16:45:48,362 DEBUG [main][MybatisConfiguration.java:128] - addMappedStatement: com.xuecheng.media.mapper.MqMessageMapper.delete
2024-09-30 16:45:48,362 DEBUG [main][MybatisConfiguration.java:128] - addMappedStatement: com.xuecheng.media.mapper.MqMessageMapper.delete
2024-09-30 16:45:48,365 DEBUG [main][MybatisConfiguration.java:128] - addMappedStatement: com.xuecheng.media.mapper.MqMessageMapper.deleteByMap
2024-09-30 16:45:48,365 DEBUG [main][MybatisConfiguration.java:128] - addMappedStatement: com.xuecheng.media.mapper.MqMessageMapper.deleteByMap
2024-09-30 16:45:48,368 DEBUG [main][MybatisConfiguration.java:128] - addMappedStatement: com.xuecheng.media.mapper.MqMessageMapper.deleteById
2024-09-30 16:45:48,368 DEBUG [main][MybatisConfiguration.java:128] - addMappedStatement: com.xuecheng.media.mapper.MqMessageMapper.deleteById
2024-09-30 16:45:48,370 DEBUG [main][MybatisConfiguration.java:128] - addMappedStatement: com.xuecheng.media.mapper.MqMessageMapper.deleteBatchIds
2024-09-30 16:45:48,370 DEBUG [main][MybatisConfiguration.java:128] - addMappedStatement: com.xuecheng.media.mapper.MqMessageMapper.deleteBatchIds
2024-09-30 16:45:48,373 DEBUG [main][MybatisConfiguration.java:128] - addMappedStatement: com.xuecheng.media.mapper.MqMessageMapper.update
2024-09-30 16:45:48,373 DEBUG [main][MybatisConfiguration.java:128] - addMappedStatement: com.xuecheng.media.mapper.MqMessageMapper.update
2024-09-30 16:45:48,376 DEBUG [main][MybatisConfiguration.java:128] - addMappedStatement: com.xuecheng.media.mapper.MqMessageMapper.updateById
2024-09-30 16:45:48,376 DEBUG [main][MybatisConfiguration.java:128] - addMappedStatement: com.xuecheng.media.mapper.MqMessageMapper.updateById
2024-09-30 16:45:48,376 DEBUG [main][MybatisConfiguration.java:128] - addMappedStatement: com.xuecheng.media.mapper.MqMessageMapper.selectById
2024-09-30 16:45:48,376 DEBUG [main][MybatisConfiguration.java:128] - addMappedStatement: com.xuecheng.media.mapper.MqMessageMapper.selectById
2024-09-30 16:45:48,377 DEBUG [main][MybatisConfiguration.java:128] - addMappedStatement: com.xuecheng.media.mapper.MqMessageMapper.selectBatchIds
2024-09-30 16:45:48,377 DEBUG [main][MybatisConfiguration.java:128] - addMappedStatement: com.xuecheng.media.mapper.MqMessageMapper.selectBatchIds
2024-09-30 16:45:48,378 DEBUG [main][MybatisConfiguration.java:128] - addMappedStatement: com.xuecheng.media.mapper.MqMessageMapper.selectByMap
2024-09-30 16:45:48,378 DEBUG [main][MybatisConfiguration.java:128] - addMappedStatement: com.xuecheng.media.mapper.MqMessageMapper.selectByMap
2024-09-30 16:45:48,382 DEBUG [main][MybatisConfiguration.java:128] - addMappedStatement: com.xuecheng.media.mapper.MqMessageMapper.selectOne
2024-09-30 16:45:48,382 DEBUG [main][MybatisConfiguration.java:128] - addMappedStatement: com.xuecheng.media.mapper.MqMessageMapper.selectOne
2024-09-30 16:45:48,385 DEBUG [main][MybatisConfiguration.java:128] - addMappedStatement: com.xuecheng.media.mapper.MqMessageMapper.selectCount
2024-09-30 16:45:48,385 DEBUG [main][MybatisConfiguration.java:128] - addMappedStatement: com.xuecheng.media.mapper.MqMessageMapper.selectCount
2024-09-30 16:45:48,388 DEBUG [main][MybatisConfiguration.java:128] - addMappedStatement: com.xuecheng.media.mapper.MqMessageMapper.selectMaps
2024-09-30 16:45:48,388 DEBUG [main][MybatisConfiguration.java:128] - addMappedStatement: com.xuecheng.media.mapper.MqMessageMapper.selectMaps
2024-09-30 16:45:48,392 DEBUG [main][MybatisConfiguration.java:128] - addMappedStatement: com.xuecheng.media.mapper.MqMessageMapper.selectMapsPage
2024-09-30 16:45:48,392 DEBUG [main][MybatisConfiguration.java:128] - addMappedStatement: com.xuecheng.media.mapper.MqMessageMapper.selectMapsPage
2024-09-30 16:45:48,395 DEBUG [main][MybatisConfiguration.java:128] - addMappedStatement: com.xuecheng.media.mapper.MqMessageMapper.selectObjs
2024-09-30 16:45:48,395 DEBUG [main][MybatisConfiguration.java:128] - addMappedStatement: com.xuecheng.media.mapper.MqMessageMapper.selectObjs
2024-09-30 16:45:48,399 DEBUG [main][MybatisConfiguration.java:128] - addMappedStatement: com.xuecheng.media.mapper.MqMessageMapper.selectList
2024-09-30 16:45:48,399 DEBUG [main][MybatisConfiguration.java:128] - addMappedStatement: com.xuecheng.media.mapper.MqMessageMapper.selectList
2024-09-30 16:45:48,402 DEBUG [main][MybatisConfiguration.java:128] - addMappedStatement: com.xuecheng.media.mapper.MqMessageMapper.selectPage
2024-09-30 16:45:48,402 DEBUG [main][MybatisConfiguration.java:128] - addMappedStatement: com.xuecheng.media.mapper.MqMessageMapper.selectPage
2024-09-30 16:45:48,450 INFO [main][InitUtils.java:65] - initializer namespace from System Property :null
2024-09-30 16:45:48,450 INFO [main][InitUtils.java:65] - initializer namespace from System Property :null
2024-09-30 16:45:48,452 INFO [main][InitUtils.java:74] - initializer namespace from System Environment :null
2024-09-30 16:45:48,452 INFO [main][InitUtils.java:74] - initializer namespace from System Environment :null
2024-09-30 16:45:48,453 INFO [main][InitUtils.java:84] - initializer namespace from System Property :null
2024-09-30 16:45:48,453 INFO [main][InitUtils.java:84] - initializer namespace from System Property :null
2024-09-30 16:45:48,465 DEBUG [main][NamingProxy.java:195] - server list provided by user: [192.168.101.65:8848]
2024-09-30 16:45:48,465 DEBUG [main][NamingProxy.java:195] - server list provided by user: [192.168.101.65:8848]
2024-09-30 16:45:48,466 DEBUG [com.alibaba.nacos.client.naming.updater][NamingProxy.java:195] - server list provided by user: [192.168.101.65:8848]
2024-09-30 16:45:48,466 DEBUG [com.alibaba.nacos.client.naming.updater][NamingProxy.java:195] - server list provided by user: [192.168.101.65:8848]
2024-09-30 16:45:48,478 DEBUG [com.alibaba.nacos.naming.failover][FailoverReactor.java:147] - failover switch is not found, failover00-00---000-VIPSRV_FAILOVER_SWITCH-000---00-00
2024-09-30 16:45:48,478 DEBUG [com.alibaba.nacos.naming.failover][FailoverReactor.java:147] - failover switch is not found, failover00-00---000-VIPSRV_FAILOVER_SWITCH-000---00-00
2024-09-30 16:45:48,495 DEBUG [main][HostReactor.java:306] - failover-mode: false
2024-09-30 16:45:48,495 DEBUG [main][HostReactor.java:306] - failover-mode: false
2024-09-30 16:45:48,498 DEBUG [main][NacosRestTemplate.java:476] - HTTP method: GET, url: http://192.168.101.65:8848/nacos/v1/ns/instance/list?app=unknown&healthyOnly=false&namespaceId=dev&clientIP=192.168.137.1&serviceName=xuecheng-plus-project%40%40media-api&udpPort=63901&clusters=DEFAULT, body: {}
2024-09-30 16:45:48,498 DEBUG [main][NacosRestTemplate.java:476] - HTTP method: GET, url: http://192.168.101.65:8848/nacos/v1/ns/instance/list?app=unknown&healthyOnly=false&namespaceId=dev&clientIP=192.168.137.1&serviceName=xuecheng-plus-project%40%40media-api&udpPort=63901&clusters=DEFAULT, body: {}
2024-09-30 16:45:48,673 INFO [main][DocumentationPluginsBootstrapper.java:160] - Context refreshed
2024-09-30 16:45:48,673 INFO [main][DocumentationPluginsBootstrapper.java:160] - Context refreshed
2024-09-30 16:45:48,696 INFO [main][DocumentationPluginsBootstrapper.java:163] - Found 1 custom documentation plugin(s)
2024-09-30 16:45:48,696 INFO [main][DocumentationPluginsBootstrapper.java:163] - Found 1 custom documentation plugin(s)
2024-09-30 16:45:48,732 INFO [main][ApiListingReferenceScanner.java:41] - Scanning for api listing references
2024-09-30 16:45:48,732 INFO [main][ApiListingReferenceScanner.java:41] - Scanning for api listing references
2024-09-30 16:45:48,960 INFO [main][StartupInfoLogger.java:61] - Started MinioTest in 17.518 seconds (JVM running for 19.178)
2024-09-30 16:45:48,960 INFO [main][StartupInfoLogger.java:61] - Started MinioTest in 17.518 seconds (JVM running for 19.178)
2024-09-30 16:45:48,972 INFO [main][ClientWorker.java:169] - [fixed-192.168.101.65_8848-dev] [subscribe] swagger-dev.yaml+xuecheng-plus-common+dev
2024-09-30 16:45:48,972 INFO [main][ClientWorker.java:169] - [fixed-192.168.101.65_8848-dev] [subscribe] swagger-dev.yaml+xuecheng-plus-common+dev
2024-09-30 16:45:48,974 INFO [main][CacheData.java:92] - [fixed-192.168.101.65_8848-dev] [add-listener] ok, tenant=dev, dataId=swagger-dev.yaml, group=xuecheng-plus-common, cnt=1
2024-09-30 16:45:48,974 INFO [main][CacheData.java:92] - [fixed-192.168.101.65_8848-dev] [add-listener] ok, tenant=dev, dataId=swagger-dev.yaml, group=xuecheng-plus-common, cnt=1
2024-09-30 16:45:48,975 INFO [main][ClientWorker.java:169] - [fixed-192.168.101.65_8848-dev] [subscribe] media-api.yaml+xuecheng-plus-project+dev
2024-09-30 16:45:48,975 INFO [main][ClientWorker.java:169] - [fixed-192.168.101.65_8848-dev] [subscribe] media-api.yaml+xuecheng-plus-project+dev
2024-09-30 16:45:48,975 INFO [main][CacheData.java:92] - [fixed-192.168.101.65_8848-dev] [add-listener] ok, tenant=dev, dataId=media-api.yaml, group=xuecheng-plus-project, cnt=1
2024-09-30 16:45:48,975 INFO [main][CacheData.java:92] - [fixed-192.168.101.65_8848-dev] [add-listener] ok, tenant=dev, dataId=media-api.yaml, group=xuecheng-plus-project, cnt=1
2024-09-30 16:45:48,982 INFO [main][ClientWorker.java:169] - [fixed-192.168.101.65_8848-dev] [subscribe] media-api-dev.yaml+xuecheng-plus-project+dev
2024-09-30 16:45:48,982 INFO [main][ClientWorker.java:169] - [fixed-192.168.101.65_8848-dev] [subscribe] media-api-dev.yaml+xuecheng-plus-project+dev
2024-09-30 16:45:48,983 INFO [main][CacheData.java:92] - [fixed-192.168.101.65_8848-dev] [add-listener] ok, tenant=dev, dataId=media-api-dev.yaml, group=xuecheng-plus-project, cnt=1
2024-09-30 16:45:48,983 INFO [main][CacheData.java:92] - [fixed-192.168.101.65_8848-dev] [add-listener] ok, tenant=dev, dataId=media-api-dev.yaml, group=xuecheng-plus-project, cnt=1
2024-09-30 16:45:48,985 DEBUG [com.alibaba.nacos.client.Worker.longPolling.fixed-192.168.101.65_8848-dev][NacosRestTemplate.java:476] - HTTP method: POST, url: http://192.168.101.65:8848/nacos/v1/cs/configs/listener, body: {Listening-Configs=swagger-dev.yamlxuecheng-plus-common9c0d3be98c5a9ff620445bd718ea10addevmedia-api-dev.yamlxuecheng-plus-project7e41197fdbb4b6bd1194ae292af19ff8devmedia-api.yamlxuecheng-plus-projectdev, tenant=dev}
2024-09-30 16:45:48,985 DEBUG [com.alibaba.nacos.client.Worker.longPolling.fixed-192.168.101.65_8848-dev][NacosRestTemplate.java:476] - HTTP method: POST, url: http://192.168.101.65:8848/nacos/v1/cs/configs/listener, body: {Listening-Configs=swagger-dev.yamlxuecheng-plus-common9c0d3be98c5a9ff620445bd718ea10addevmedia-api-dev.yamlxuecheng-plus-project7e41197fdbb4b6bd1194ae292af19ff8devmedia-api.yamlxuecheng-plus-projectdev, tenant=dev}
2024-09-30 16:45:48,986 DEBUG [com.alibaba.nacos.client.Worker.longPolling.fixed-192.168.101.65_8848-dev][NacosRestTemplate.java:494] - Execute via interceptors :[com.alibaba.nacos.client.config.impl.ConfigHttpClientManager$LimiterHttpClientRequestInterceptor@1ed85685]
2024-09-30 16:45:48,986 DEBUG [com.alibaba.nacos.client.Worker.longPolling.fixed-192.168.101.65_8848-dev][NacosRestTemplate.java:494] - Execute via interceptors :[com.alibaba.nacos.client.config.impl.ConfigHttpClientManager$LimiterHttpClientRequestInterceptor@1ed85685]
2024-09-30 16:45:48,992 INFO [main][ClientWorker.java:169] - [fixed-192.168.101.65_8848-dev] [subscribe] media-service-dev.yaml+xuecheng-plus-project+dev
2024-09-30 16:45:48,992 INFO [main][ClientWorker.java:169] - [fixed-192.168.101.65_8848-dev] [subscribe] media-service-dev.yaml+xuecheng-plus-project+dev
2024-09-30 16:45:48,992 INFO [main][CacheData.java:92] - [fixed-192.168.101.65_8848-dev] [add-listener] ok, tenant=dev, dataId=media-service-dev.yaml, group=xuecheng-plus-project, cnt=1
2024-09-30 16:45:48,992 INFO [main][CacheData.java:92] - [fixed-192.168.101.65_8848-dev] [add-listener] ok, tenant=dev, dataId=media-service-dev.yaml, group=xuecheng-plus-project, cnt=1
2024-09-30 16:45:49,005 INFO [main][ClientWorker.java:169] - [fixed-192.168.101.65_8848-dev] [subscribe] logging-dev.yaml+xuecheng-plus-common+dev
2024-09-30 16:45:49,005 INFO [main][ClientWorker.java:169] - [fixed-192.168.101.65_8848-dev] [subscribe] logging-dev.yaml+xuecheng-plus-common+dev
2024-09-30 16:45:49,006 INFO [main][CacheData.java:92] - [fixed-192.168.101.65_8848-dev] [add-listener] ok, tenant=dev, dataId=logging-dev.yaml, group=xuecheng-plus-common, cnt=1
2024-09-30 16:45:49,006 INFO [main][CacheData.java:92] - [fixed-192.168.101.65_8848-dev] [add-listener] ok, tenant=dev, dataId=logging-dev.yaml, group=xuecheng-plus-common, cnt=1
2024-09-30 16:45:49,007 INFO [main][ClientWorker.java:169] - [fixed-192.168.101.65_8848-dev] [subscribe] media-api+xuecheng-plus-project+dev
2024-09-30 16:45:49,007 INFO [main][ClientWorker.java:169] - [fixed-192.168.101.65_8848-dev] [subscribe] media-api+xuecheng-plus-project+dev
2024-09-30 16:45:49,007 INFO [main][CacheData.java:92] - [fixed-192.168.101.65_8848-dev] [add-listener] ok, tenant=dev, dataId=media-api, group=xuecheng-plus-project, cnt=1
2024-09-30 16:45:49,007 INFO [main][CacheData.java:92] - [fixed-192.168.101.65_8848-dev] [add-listener] ok, tenant=dev, dataId=media-api, group=xuecheng-plus-project, cnt=1
2024-09-30 16:45:49,016 DEBUG [com.alibaba.nacos.client.Worker.longPolling.fixed-192.168.101.65_8848-dev][NacosRestTemplate.java:476] - HTTP method: POST, url: http://192.168.101.65:8848/nacos/v1/cs/configs/listener, body: {Listening-Configs=media-service-dev.yamlxuecheng-plus-project7473a1104ab69e8b207abd428e2aa0cfdevswagger-dev.yamlxuecheng-plus-common9c0d3be98c5a9ff620445bd718ea10addevlogging-dev.yamlxuecheng-plus-commoncf8b1af28beb25b242f97519c8f2c560devmedia-api-dev.yamlxuecheng-plus-project7e41197fdbb4b6bd1194ae292af19ff8devmedia-apixuecheng-plus-projectdevmedia-api.yamlxuecheng-plus-projectdev, tenant=dev}
2024-09-30 16:45:49,016 DEBUG [com.alibaba.nacos.client.Worker.longPolling.fixed-192.168.101.65_8848-dev][NacosRestTemplate.java:476] - HTTP method: POST, url: http://192.168.101.65:8848/nacos/v1/cs/configs/listener, body: {Listening-Configs=media-service-dev.yamlxuecheng-plus-project7473a1104ab69e8b207abd428e2aa0cfdevswagger-dev.yamlxuecheng-plus-common9c0d3be98c5a9ff620445bd718ea10addevlogging-dev.yamlxuecheng-plus-commoncf8b1af28beb25b242f97519c8f2c560devmedia-api-dev.yamlxuecheng-plus-project7e41197fdbb4b6bd1194ae292af19ff8devmedia-apixuecheng-plus-projectdevmedia-api.yamlxuecheng-plus-projectdev, tenant=dev}
2024-09-30 16:45:49,016 DEBUG [com.alibaba.nacos.client.Worker.longPolling.fixed-192.168.101.65_8848-dev][NacosRestTemplate.java:494] - Execute via interceptors :[com.alibaba.nacos.client.config.impl.ConfigHttpClientManager$LimiterHttpClientRequestInterceptor@1ed85685]
2024-09-30 16:45:49,016 DEBUG [com.alibaba.nacos.client.Worker.longPolling.fixed-192.168.101.65_8848-dev][NacosRestTemplate.java:494] - Execute via interceptors :[com.alibaba.nacos.client.config.impl.ConfigHttpClientManager$LimiterHttpClientRequestInterceptor@1ed85685]
2024-09-30 16:45:49,031 DEBUG [com.alibaba.nacos.client.Worker.longPolling.fixed-192.168.101.65_8848-dev][NacosRestTemplate.java:476] - HTTP method: POST, url: http://192.168.101.65:8848/nacos/v1/cs/configs/listener, body: {Listening-Configs=media-service-dev.yamlxuecheng-plus-project7473a1104ab69e8b207abd428e2aa0cfdevswagger-dev.yamlxuecheng-plus-common9c0d3be98c5a9ff620445bd718ea10addevlogging-dev.yamlxuecheng-plus-commoncf8b1af28beb25b242f97519c8f2c560devmedia-api-dev.yamlxuecheng-plus-project7e41197fdbb4b6bd1194ae292af19ff8devmedia-apixuecheng-plus-projectdevmedia-api.yamlxuecheng-plus-projectdev, tenant=dev}
2024-09-30 16:45:49,031 DEBUG [com.alibaba.nacos.client.Worker.longPolling.fixed-192.168.101.65_8848-dev][NacosRestTemplate.java:476] - HTTP method: POST, url: http://192.168.101.65:8848/nacos/v1/cs/configs/listener, body: {Listening-Configs=media-service-dev.yamlxuecheng-plus-project7473a1104ab69e8b207abd428e2aa0cfdevswagger-dev.yamlxuecheng-plus-common9c0d3be98c5a9ff620445bd718ea10addevlogging-dev.yamlxuecheng-plus-commoncf8b1af28beb25b242f97519c8f2c560devmedia-api-dev.yamlxuecheng-plus-project7e41197fdbb4b6bd1194ae292af19ff8devmedia-apixuecheng-plus-projectdevmedia-api.yamlxuecheng-plus-projectdev, tenant=dev}
2024-09-30 16:45:49,031 DEBUG [com.alibaba.nacos.client.Worker.longPolling.fixed-192.168.101.65_8848-dev][NacosRestTemplate.java:494] - Execute via interceptors :[com.alibaba.nacos.client.config.impl.ConfigHttpClientManager$LimiterHttpClientRequestInterceptor@1ed85685]
2024-09-30 16:45:49,031 DEBUG [com.alibaba.nacos.client.Worker.longPolling.fixed-192.168.101.65_8848-dev][NacosRestTemplate.java:494] - Execute via interceptors :[com.alibaba.nacos.client.config.impl.ConfigHttpClientManager$LimiterHttpClientRequestInterceptor@1ed85685]
2024-09-30 16:45:49,686 DEBUG [com.alibaba.nacos.client.naming.updater][NacosRestTemplate.java:476] - HTTP method: GET, url: http://192.168.101.65:8848/nacos/v1/ns/instance/list?app=unknown&healthyOnly=false&namespaceId=dev&clientIP=192.168.137.1&serviceName=xuecheng-plus-project%40%40media-api&udpPort=63901&clusters=DEFAULT, body: {}
2024-09-30 16:45:49,686 DEBUG [com.alibaba.nacos.client.naming.updater][NacosRestTemplate.java:476] - HTTP method: GET, url: http://192.168.101.65:8848/nacos/v1/ns/instance/list?app=unknown&healthyOnly=false&namespaceId=dev&clientIP=192.168.137.1&serviceName=xuecheng-plus-project%40%40media-api&udpPort=63901&clusters=DEFAULT, body: {}
2024-09-30 16:45:51,707 DEBUG [com.alibaba.nacos.client.naming.updater][NacosRestTemplate.java:476] - HTTP method: GET, url: http://192.168.101.65:8848/nacos/v1/ns/instance/list?app=unknown&healthyOnly=false&namespaceId=dev&clientIP=192.168.137.1&serviceName=xuecheng-plus-project%40%40media-api&udpPort=63901&clusters=DEFAULT, body: {}
2024-09-30 16:45:51,707 DEBUG [com.alibaba.nacos.client.naming.updater][NacosRestTemplate.java:476] - HTTP method: GET, url: http://192.168.101.65:8848/nacos/v1/ns/instance/list?app=unknown&healthyOnly=false&namespaceId=dev&clientIP=192.168.137.1&serviceName=xuecheng-plus-project%40%40media-api&udpPort=63901&clusters=DEFAULT, body: {}
2024-09-30 16:45:52,884 WARN [Thread-13][NotifyCenter.java:145] - [NotifyCenter] Start destroying Publisher
2024-09-30 16:45:52,884 WARN [Thread-2][HttpClientBeanHolder.java:108] - [HttpClientBeanHolder] Start destroying common HttpClient
2024-09-30 16:45:52,884 WARN [Thread-13][NotifyCenter.java:145] - [NotifyCenter] Start destroying Publisher
2024-09-30 16:45:52,884 WARN [Thread-2][HttpClientBeanHolder.java:108] - [HttpClientBeanHolder] Start destroying common HttpClient
2024-09-30 16:45:52,884 WARN [Thread-13][NotifyCenter.java:162] - [NotifyCenter] Destruction of the end
2024-09-30 16:45:52,884 WARN [Thread-13][NotifyCenter.java:162] - [NotifyCenter] Destruction of the end
2024-09-30 16:45:52,886 WARN [Thread-2][HttpClientBeanHolder.java:114] - [HttpClientBeanHolder] Destruction of the end
2024-09-30 16:45:52,886 WARN [Thread-2][HttpClientBeanHolder.java:114] - [HttpClientBeanHolder] Destruction of the end
2024-09-30 16:45:52,887 INFO [SpringContextShutdownHook][ExecutorConfigurationSupport.java:218] - Shutting down ExecutorService 'Nacos-Watch-Task-Scheduler'
2024-09-30 16:45:52,887 INFO [SpringContextShutdownHook][ExecutorConfigurationSupport.java:218] - Shutting down ExecutorService 'Nacos-Watch-Task-Scheduler'
2024-09-30 16:45:52,888 INFO [SpringContextShutdownHook][BeatReactor.java:147] - com.alibaba.nacos.client.naming.beat.BeatReactor do shutdown begin
2024-09-30 16:45:52,888 INFO [SpringContextShutdownHook][BeatReactor.java:147] - com.alibaba.nacos.client.naming.beat.BeatReactor do shutdown begin
2024-09-30 16:45:52,890 INFO [SpringContextShutdownHook][BeatReactor.java:149] - com.alibaba.nacos.client.naming.beat.BeatReactor do shutdown stop
2024-09-30 16:45:52,890 INFO [SpringContextShutdownHook][BeatReactor.java:149] - com.alibaba.nacos.client.naming.beat.BeatReactor do shutdown stop
2024-09-30 16:45:52,890 INFO [SpringContextShutdownHook][HostReactor.java:413] - com.alibaba.nacos.client.naming.core.HostReactor do shutdown begin
2024-09-30 16:45:52,890 INFO [SpringContextShutdownHook][HostReactor.java:413] - com.alibaba.nacos.client.naming.core.HostReactor do shutdown begin
2024-09-30 16:45:53,490 DEBUG [com.alibaba.nacos.naming.failover][FailoverReactor.java:147] - failover switch is not found, failover00-00---000-VIPSRV_FAILOVER_SWITCH-000---00-00
2024-09-30 16:45:53,490 DEBUG [com.alibaba.nacos.naming.failover][FailoverReactor.java:147] - failover switch is not found, failover00-00---000-VIPSRV_FAILOVER_SWITCH-000---00-00
2024-09-30 16:45:55,731 DEBUG [com.alibaba.nacos.client.naming.updater][NacosRestTemplate.java:476] - HTTP method: GET, url: http://192.168.101.65:8848/nacos/v1/ns/instance/list?app=unknown&healthyOnly=false&namespaceId=dev&clientIP=192.168.137.1&serviceName=xuecheng-plus-project%40%40media-api&udpPort=63901&clusters=DEFAULT, body: {}
2024-09-30 16:45:55,731 DEBUG [com.alibaba.nacos.client.naming.updater][NacosRestTemplate.java:476] - HTTP method: GET, url: http://192.168.101.65:8848/nacos/v1/ns/instance/list?app=unknown&healthyOnly=false&namespaceId=dev&clientIP=192.168.137.1&serviceName=xuecheng-plus-project%40%40media-api&udpPort=63901&clusters=DEFAULT, body: {}
2024-09-30 16:45:55,745 INFO [SpringContextShutdownHook][PushReceiver.java:132] - com.alibaba.nacos.client.naming.core.PushReceiver do shutdown begin
2024-09-30 16:45:55,745 INFO [SpringContextShutdownHook][PushReceiver.java:132] - com.alibaba.nacos.client.naming.core.PushReceiver do shutdown begin
2024-09-30 16:45:58,498 DEBUG [com.alibaba.nacos.naming.failover][FailoverReactor.java:147] - failover switch is not found, failover00-00---000-VIPSRV_FAILOVER_SWITCH-000---00-00
2024-09-30 16:45:58,498 DEBUG [com.alibaba.nacos.naming.failover][FailoverReactor.java:147] - failover switch is not found, failover00-00---000-VIPSRV_FAILOVER_SWITCH-000---00-00
2024-09-30 16:45:58,761 INFO [SpringContextShutdownHook][PushReceiver.java:136] - com.alibaba.nacos.client.naming.core.PushReceiver do shutdown stop
2024-09-30 16:45:58,761 INFO [SpringContextShutdownHook][PushReceiver.java:136] - com.alibaba.nacos.client.naming.core.PushReceiver do shutdown stop
2024-09-30 16:45:58,762 INFO [SpringContextShutdownHook][FailoverReactor.java:132] - com.alibaba.nacos.client.naming.backups.FailoverReactor do shutdown begin
2024-09-30 16:45:58,762 INFO [SpringContextShutdownHook][FailoverReactor.java:132] - com.alibaba.nacos.client.naming.backups.FailoverReactor do shutdown begin
2024-09-30 16:45:58,762 INFO [SpringContextShutdownHook][FailoverReactor.java:134] - com.alibaba.nacos.client.naming.backups.FailoverReactor do shutdown stop
2024-09-30 16:45:58,762 INFO [SpringContextShutdownHook][FailoverReactor.java:134] - com.alibaba.nacos.client.naming.backups.FailoverReactor do shutdown stop
2024-09-30 16:45:58,762 INFO [SpringContextShutdownHook][HostReactor.java:418] - com.alibaba.nacos.client.naming.core.HostReactor do shutdown stop
2024-09-30 16:45:58,762 INFO [SpringContextShutdownHook][HostReactor.java:418] - com.alibaba.nacos.client.naming.core.HostReactor do shutdown stop
2024-09-30 16:45:58,762 INFO [SpringContextShutdownHook][NamingProxy.java:719] - com.alibaba.nacos.client.naming.net.NamingProxy do shutdown begin
2024-09-30 16:45:58,762 INFO [SpringContextShutdownHook][NamingProxy.java:719] - com.alibaba.nacos.client.naming.net.NamingProxy do shutdown begin
2024-09-30 16:45:58,764 WARN [SpringContextShutdownHook][NamingHttpClientManager.java:72] - [NamingHttpClientManager] Start destroying NacosRestTemplate
2024-09-30 16:45:58,764 WARN [SpringContextShutdownHook][NamingHttpClientManager.java:72] - [NamingHttpClientManager] Start destroying NacosRestTemplate
2024-09-30 16:45:58,764 WARN [SpringContextShutdownHook][NamingHttpClientManager.java:79] - [NamingHttpClientManager] Destruction of the end
2024-09-30 16:45:58,764 WARN [SpringContextShutdownHook][NamingHttpClientManager.java:79] - [NamingHttpClientManager] Destruction of the end
2024-09-30 16:45:58,764 INFO [SpringContextShutdownHook][CredentialWatcher.java:105] - [null] CredentialWatcher is stopped
2024-09-30 16:45:58,764 INFO [SpringContextShutdownHook][CredentialWatcher.java:105] - [null] CredentialWatcher is stopped
2024-09-30 16:45:58,764 INFO [SpringContextShutdownHook][CredentialService.java:98] - [null] CredentialService is freed
2024-09-30 16:45:58,764 INFO [SpringContextShutdownHook][CredentialService.java:98] - [null] CredentialService is freed
2024-09-30 16:45:58,765 INFO [SpringContextShutdownHook][NamingProxy.java:723] - com.alibaba.nacos.client.naming.net.NamingProxy do shutdown stop
2024-09-30 16:45:58,765 INFO [SpringContextShutdownHook][NamingProxy.java:723] - com.alibaba.nacos.client.naming.net.NamingProxy do shutdown stop
2024-09-30 16:45:58,766 INFO [SpringContextShutdownHook][ExecutorConfigurationSupport.java:218] - Shutting down ExecutorService 'applicationTaskExecutor'
2024-09-30 16:45:58,766 INFO [SpringContextShutdownHook][ExecutorConfigurationSupport.java:218] - Shutting down ExecutorService 'applicationTaskExecutor'
